0 info it worked if it ends with ok
1 verbose cli [ '/Users/mike_fowler/.nvm/versions/node/v5.1.0/bin/node',
1 verbose cli   '/Users/mike_fowler/.nvm/versions/node/v5.1.0/bin/npm',
1 verbose cli   'run',
1 verbose cli   'lint' ]
2 info using npm@3.8.9
3 info using node@v5.1.0
4 verbose run-script [ 'prelint', 'lint', 'postlint' ]
5 info lifecycle nostaljams@0.1.0~prelint: nostaljams@0.1.0
6 silly lifecycle nostaljams@0.1.0~prelint: no script for prelint, continuing
7 info lifecycle nostaljams@0.1.0~lint: nostaljams@0.1.0
8 verbose lifecycle nostaljams@0.1.0~lint: unsafe-perm in lifecycle true
9 verbose lifecycle nostaljams@0.1.0~lint: PATH: /Users/mike_fowler/.nvm/versions/node/v5.1.0/lib/node_modules/npm/bin/node-gyp-bin:/Users/mike_fowler/Github/mikefowler/nostaljams/node_modules/.bin:/Users/mike_fowler/.nvm/versions/node/v5.1.0/bin:/Users/mike_fowler/.rbenv/shims:/usr/local/mysql/bin:/Users/mike_fowler/.opam/4.02.1/bin:/Users/mike_fowler/.nvm/versions/node/v5.1.0/bin:/usr/local/bin:/usr/bin:/bin:/usr/sbin:/sbin:/opt/airbnb/bin:/usr/local/munki:/usr/local/osquery/bin:/opt/puppetlabs/bin:/Users/mike_fowler/.rbenv/versions/2.3.0/bin:/usr/local/Cellar/rbenv/1.0.0/libexec:/Users/mike_fowler/.rbenv/shims:/usr/local/mysql/bin:/Users/mike_fowler/.opam/4.02.1/bin:/Users/mike_fowler/.rbenv/bin:/Users/mike_fowler/.rbenv/bin
10 verbose lifecycle nostaljams@0.1.0~lint: CWD: /Users/mike_fowler/Github/mikefowler/nostaljams
11 silly lifecycle nostaljams@0.1.0~lint: Args: [ '-c', 'eslint src/ --ext=.jsx,.js' ]
12 silly lifecycle nostaljams@0.1.0~lint: Returned: code: 1  signal: null
13 info lifecycle nostaljams@0.1.0~lint: Failed to exec lint script
14 verbose stack Error: nostaljams@0.1.0 lint: `eslint src/ --ext=.jsx,.js`
14 verbose stack Exit status 1
14 verbose stack     at EventEmitter.<anonymous> (/Users/mike_fowler/.nvm/versions/node/v5.1.0/lib/node_modules/npm/lib/utils/lifecycle.js:245:16)
14 verbose stack     at emitTwo (events.js:87:13)
14 verbose stack     at EventEmitter.emit (events.js:172:7)
14 verbose stack     at ChildProcess.<anonymous> (/Users/mike_fowler/.nvm/versions/node/v5.1.0/lib/node_modules/npm/lib/utils/spawn.js:24:14)
14 verbose stack     at emitTwo (events.js:87:13)
14 verbose stack     at ChildProcess.emit (events.js:172:7)
14 verbose stack     at maybeClose (internal/child_process.js:818:16)
14 verbose stack     at Process.ChildProcess._handle.onexit (internal/child_process.js:211:5)
15 verbose pkgid nostaljams@0.1.0
16 verbose cwd /Users/mike_fowler/Github/mikefowler/nostaljams
17 error Darwin 16.1.0
18 error argv "/Users/mike_fowler/.nvm/versions/node/v5.1.0/bin/node" "/Users/mike_fowler/.nvm/versions/node/v5.1.0/bin/npm" "run" "lint"
19 error node v5.1.0
20 error npm  v3.8.9
21 error code ELIFECYCLE
22 error nostaljams@0.1.0 lint: `eslint src/ --ext=.jsx,.js`
22 error Exit status 1
23 error Failed at the nostaljams@0.1.0 lint script 'eslint src/ --ext=.jsx,.js'.
23 error Make sure you have the latest version of node.js and npm installed.
23 error If you do, this is most likely a problem with the nostaljams package,
23 error not with npm itself.
23 error Tell the author that this fails on your system:
23 error     eslint src/ --ext=.jsx,.js
23 error You can get information on how to open an issue for this project with:
23 error     npm bugs nostaljams
23 error Or if that isn't available, you can get their info via:
23 error     npm owner ls nostaljams
23 error There is likely additional logging output above.
24 verbose exit [ 1, true ]
